#
# There is insufficient memory for the Java Runtime Environment to continue.
# Native memory allocation (malloc) failed to allocate 1048576 bytes for AllocateHeap
# Possible reasons:
#   The system is out of physical RAM or swap space
#   In 32 bit mode, the process size limit was hit
# Possible solutions:
#   Reduce memory load on the system
#   Increase physical memory or swap space
#   Check if swap backing store is full
#   Use 64 bit Java on a 64 bit OS
#   Decrease Java heap size (-Xmx/-Xms)
#   Decrease number of Java threads
#   Decrease Java thread stack sizes (-Xss)
#   Set larger code cache with -XX:ReservedCodeCacheSize=
# This output file may be truncated or incomplete.
#
#  Out of Memory Error (memory/allocation.inline.hpp:61), pid=4740, tid=0x00000000000009d0
#
# JRE version:  (8.0_144-b01) (build )
# Java VM: Java HotSpot(TM) 64-Bit Server VM (25.144-b01 mixed mode windows-amd64 compressed oops)
# Failed to write core dump. Minidumps are not enabled by default on client versions of Windows
#

---------------  T H R E A D  ---------------

Current thread (0x0000000004a97000):  JavaThread "Unknown thread" [_thread_in_vm, id=2512, stack(0x0000000004990000,0x0000000004a90000)]

Stack: [0x0000000004990000,0x0000000004a90000]
[error occurred during error reporting (printing stack bounds), id 0xc0000005]

Native frames: (J=compiled Java code, j=interpreted, Vv=VM code, C=native code)


---------------  P R O C E S S  ---------------

Java Threads: ( => current thread )

Other Threads:

=>0x0000000004a97000 (exited) JavaThread "Unknown thread" [_thread_in_vm, id=2512, stack(0x0000000004990000,0x0000000004a90000)]

VM state:not at safepoint (normal execution)

VM Mutex/Monitor currently owned by a thread: None

Heap:
 PSYoungGen      total 76288K, used 1310K [0x000000076af00000, 0x0000000770400000, 0x00000007c0000000)
  eden space 65536K, 2% used [0x000000076af00000,0x000000076b047af0,0x000000076ef00000)
  from space 10752K, 0% used [0x000000076f980000,0x000000076f980000,0x0000000770400000)
  to   space 10752K, 0% used [0x000000076ef00000,0x000000076ef00000,0x000000076f980000)
 ParOldGen       total 175104K, used 0K [0x00000006c0c00000, 0x00000006cb700000, 0x000000076af00000)
  object space 175104K, 0% used [0x00000006c0c00000,0x00000006c0c00000,0x00000006cb700000)
 Metaspace       used 746K, capacity 4480K, committed 4480K, reserved 1056768K
  class space    used 75K, capacity 384K, committed 384K, reserved 1048576K

Card table byte_map: [0x0000000013f50000,0x0000000014750000] byte_map_base: 0x000000001094a000

Marking Bits: (ParMarkBitMap*) 0x000000005bd1d850
 Begin Bits: [0x00000000154b0000, 0x0000000019480000)
 End Bits:   [0x0000000019480000, 0x000000001d450000)

Polling page: 0x0000000002ee0000

CodeCache: size=245760Kb used=328Kb max_used=328Kb free=245431Kb
 bounds [0x0000000004b90000, 0x0000000004e00000, 0x0000000013b90000]
 total_blobs=58 nmethods=0 adapters=38
 compilation: enabled

Compilation events (0 events):
No events

GC Heap History (0 events):
No events

Deoptimization events (0 events):
No events

Internal exceptions (0 events):
No events

Events (10 events):
Event: 0.024 loading class java/lang/Short
Event: 0.024 loading class java/lang/Short done
Event: 0.024 loading class java/lang/Integer
Event: 0.024 loading class java/lang/Integer done
Event: 0.024 loading class java/lang/Long
Event: 0.024 loading class java/lang/Long done
Event: 0.025 loading class java/lang/NullPointerException
Event: 0.025 loading class java/lang/NullPointerException done
Event: 0.025 loading class java/lang/ArithmeticException
Event: 0.025 loading class java/lang/ArithmeticException done


Dynamic libraries:
0x00007ff625e10000 - 0x00007ff625e47000 	C:\Program Files\Java\jre1.8.0_144\bin\javaw.exe
0x00007ff98c940000 - 0x00007ff98cb20000 	C:\WINDOWS\SYSTEM32\ntdll.dll
0x00007ff975be0000 - 0x00007ff975c14000 	C:\Program Files\AVAST Software\Avast\x64\aswhooka.dll
0x00007ff98c490000 - 0x00007ff98c53e000 	C:\WINDOWS\System32\KERNEL32.DLL
0x00007ff988fb0000 - 0x00007ff989216000 	C:\WINDOWS\System32\KERNELBASE.dll
0x00007ff98bad0000 - 0x00007ff98bb71000 	C:\WINDOWS\System32\ADVAPI32.dll
0x00007ff98be70000 - 0x00007ff98bf0d000 	C:\WINDOWS\System32\msvcrt.dll
0x00007ff98c220000 - 0x00007ff98c27b000 	C:\WINDOWS\System32\sechost.dll
0x00007ff98b9a0000 - 0x00007ff98babf000 	C:\WINDOWS\System32\RPCRT4.dll
0x00007ff98c740000 - 0x00007ff98c8cf000 	C:\WINDOWS\System32\USER32.dll
0x00007ff988f10000 - 0x00007ff988f30000 	C:\WINDOWS\System32\win32u.dll
0x00007ff989f80000 - 0x00007ff989fa8000 	C:\WINDOWS\System32\GDI32.dll
0x00007ff989b60000 - 0x00007ff989cf3000 	C:\WINDOWS\System32\gdi32full.dll
0x00007ff989220000 - 0x00007ff9892bb000 	C:\WINDOWS\System32\msvcp_win.dll
0x00007ff989310000 - 0x00007ff989406000 	C:\WINDOWS\System32\ucrtbase.dll
0x00007ff97fd30000 - 0x00007ff97ff99000 	C:\WINDOWS\WinSxS\amd64_microsoft.windows.common-controls_6595b64144ccf1df_6.0.16299.248_none_15ced204935f55d7\COMCTL32.dll
0x00007ff98bf10000 - 0x00007ff98c218000 	C:\WINDOWS\System32\combase.dll
0x00007ff988f30000 - 0x00007ff988fa2000 	C:\WINDOWS\System32\bcryptPrimitives.dll
0x00007ff98c8e0000 - 0x00007ff98c90d000 	C:\WINDOWS\System32\IMM32.DLL
0x000000005b420000 - 0x000000005b4f2000 	C:\Program Files\Java\jre1.8.0_144\bin\msvcr100.dll
0x000000005b500000 - 0x000000005bd9d000 	C:\Program Files\Java\jre1.8.0_144\bin\server\jvm.dll
0x00007ff98c8d0000 - 0x00007ff98c8d8000 	C:\WINDOWS\System32\PSAPI.DLL
0x00007ff97bd60000 - 0x00007ff97bd69000 	C:\WINDOWS\SYSTEM32\WSOCK32.dll
0x00007ff98bd80000 - 0x00007ff98bdec000 	C:\WINDOWS\System32\WS2_32.dll
0x00007ff981060000 - 0x00007ff981083000 	C:\WINDOWS\SYSTEM32\WINMM.dll
0x00007ff97e6a0000 - 0x00007ff97e6aa000 	C:\WINDOWS\SYSTEM32\VERSION.dll
0x00007ff981030000 - 0x00007ff98105a000 	C:\WINDOWS\SYSTEM32\WINMMBASE.dll
0x00007ff9892c0000 - 0x00007ff98930a000 	C:\WINDOWS\System32\cfgmgr32.dll
0x000000005b410000 - 0x000000005b41f000 	C:\Program Files\Java\jre1.8.0_144\bin\verify.dll
0x000000005b3e0000 - 0x000000005b409000 	C:\Program Files\Java\jre1.8.0_144\bin\java.dll
0x000000005b3c0000 - 0x000000005b3d6000 	C:\Program Files\Java\jre1.8.0_144\bin\zip.dll

VM Arguments:
jvm_args: -Djava.library.path=C:\Program Files\IBM\ILOG\CPLEX_Studio_Community1263\cplex\bin\x64_win64 -Dfile.encoding=UTF-8 
java_command: com.icanindya.adversarial.kdd99.DrMuratAnomalyDetection
java_class_path (initial): C:\Users\ixa140430\Dropbox\Academic\Projects\Adversarial\target\classes;C:\Users\ixa140430\.m2\repository\junit\junit\3.8.1\junit-3.8.1.jar;C:\Users\ixa140430\.m2\repository\org\apache\spark\spark-core_2.11\2.1.0\spark-core_2.11-2.1.0.jar;C:\Users\ixa140430\.m2\repository\org\apache\avro\avro-mapred\1.7.7\avro-mapred-1.7.7-hadoop2.jar;C:\Users\ixa140430\.m2\repository\org\apache\avro\avro-ipc\1.7.7\avro-ipc-1.7.7.jar;C:\Users\ixa140430\.m2\repository\org\apache\avro\avro\1.7.7\avro-1.7.7.jar;C:\Users\ixa140430\.m2\repository\org\apache\avro\avro-ipc\1.7.7\avro-ipc-1.7.7-tests.jar;C:\Users\ixa140430\.m2\repository\org\codehaus\jackson\jackson-core-asl\1.9.13\jackson-core-asl-1.9.13.jar;C:\Users\ixa140430\.m2\repository\org\codehaus\jackson\jackson-mapper-asl\1.9.13\jackson-mapper-asl-1.9.13.jar;C:\Users\ixa140430\.m2\repository\com\twitter\chill_2.11\0.8.0\chill_2.11-0.8.0.jar;C:\Users\ixa140430\.m2\repository\com\esotericsoftware\kryo-shaded\3.0.3\kryo-shaded-3.0.3.jar;C:\Users\ixa140430\.m2\repository\com\esotericsoftware\minlog\1.3.0\minlog-1.3.0.jar;C:\Users\ixa140430\.m2\repository\org\objenesis\objenesis\2.1\objenesis-2.1.jar;C:\Users\ixa140430\.m2\repository\com\twitter\chill-java\0.8.0\chill-java-0.8.0.jar;C:\Users\ixa140430\.m2\repository\org\apache\xbean\xbean-asm5-shaded\4.4\xbean-asm5-shaded-4.4.jar;C:\Users\ixa140430\.m2\repository\org\apache\hadoop\hadoop-client\2.2.0\hadoop-client-2.2.0.jar;C:\Users\ixa140430\.m2\repository\org\apache\hadoop\hadoop-common\2.2.0\hadoop-common-2.2.0.jar;C:\Users\ixa140430\.m2\repository\commons-cli\commons-cli\1.2\commons-cli-1.2.jar;C:\Users\ixa140430\.m2\repository\org\apache\commons\commons-math\2.1\commons-math-2.1.jar;C:\Users\ixa140430\.m2\repository\xmlenc\xmlenc\0.52\xmlenc-0.52.jar;C:\Users\ixa140430\.m2\repository\commons-io\commons-io\2.1\commons-io-2.1.jar;C:\Users\ixa140430\.m2\repository\commons-lang\commons-lang\2.5\commons-lang-2.5.jar;C:\Users\ixa140430\.m2\repository\commons
Launcher Type: SUN_STANDARD

Environment Variables:
PATH=C:/Program Files/Java/jre1.8.0_144/bin/server;C:/Program Files/Java/jre1.8.0_144/bin;C:/Program Files/Java/jre1.8.0_144/lib/amd64;C:\Program Files\IBM\ILOG\CPLEX_Studio_Community1263\opl\bin\x64_win64;C:\Program Files\IBM\ILOG\CPLEX_Studio_Community1263\opl\oplide\;C:\Program Files\IBM\ILOG\CPLEX_Studio_Community1263\cplex\bin\x64_win64;C:\Program Files\IBM\ILOG\CPLEX_Studio_Community1263\cpoptimizer\bin\x64_win64;C:\ProgramData\Oracle\Java\javapath;C:\WINDOWS\system32;C:\WINDOWS;C:\WINDOWS\System32\Wbem;C:\WINDOWS\System32\WindowsPowerShell\v1.0\;C:\Program Files\MiKTeX 2.9\miktex\bin\x64\;C:\Program Files\Git\cmd;C:\Program Files\MATLAB\R2017a\runtime\win64;C:\Program Files\MATLAB\R2017a\bin;C:\Users\ixa140430\AppData\Local\Microsoft\WindowsApps;;D:\Softwares\IDEs\eclipse-scala;
USERNAME=ixa140430
OS=Windows_NT
PROCESSOR_IDENTIFIER=Intel64 Family 6 Model 60 Stepping 3, GenuineIntel



---------------  S Y S T E M  ---------------

OS: Windows 10.0 , 64 bit Build 16299 (10.0.16299.15)

CPU:total 8 (initial active 8) (4 cores per cpu, 2 threads per core) family 6 model 60 stepping 3, cmov, cx8, fxsr, mmx, sse, sse2, sse3, ssse3, sse4.1, sse4.2, popcnt, avx, avx2, aes, clmul, erms, lzcnt, ht, tsc, tscinvbit, bmi1, bmi2

Memory: 4k page, physical 16727244k(1795404k free), swap 42869192k(4632k free)

vm_info: Java HotSpot(TM) 64-Bit Server VM (25.144-b01) for windows-amd64 JRE (1.8.0_144-b01), built on Jul 21 2017 21:57:33 by "java_re" with MS VC++ 10.0 (VS2010)

time: Thu Feb 22 14:15:37 2018
elapsed time: 0 seconds (0d 0h 0m 0s)

